<?xml version="1.0" encoding="UTF-8"?>
<!-- Generated by org.testng.reporters.JUnitReportReporter -->
<testsuite skipped="0" hostname="Lenovo-PC" name="rest.assured.api.demo.TC002_POST_Request_JSON_List" tests="1" failures="0" timestamp="2020-07-16T08:14:04 EDT" time="1.597" errors="0">
  <testcase name="demo" time="1.597" classname="rest.assured.api.demo.TC002_POST_Request_JSON_List"/>
  <system-out/>
</testsuite> <!-- rest.assured.api.demo.TC002_POST_Request_JSON_List -->
