<?xml version="1.0" encoding="UTF-8"?>
<!-- Generated by org.testng.reporters.JUnitReportReporter -->
<testsuite skipped="0" hostname="Lenovo-PC" name="rest.assured.api.demo.TC002_POST_Request" tests="1" failures="0" timestamp="2020-07-16T08:23:06 EDT" time="1.516" errors="0">
  <testcase name="testOneJSONObjectPOSTRequest" time="1.516" classname="rest.assured.api.demo.TC002_POST_Request"/>
  <system-out/>
</testsuite> <!-- rest.assured.api.demo.TC002_POST_Request -->
