<?xml version="1.0" encoding="UTF-8"?>
<!-- Generated by org.testng.reporters.JUnitReportReporter -->
<testsuite skipped="0" hostname="Lenovo-PC" name="rest.assured.api.demo.TC001_GET_Request" tests="1" failures="0" timestamp="2020-07-16T08:20:49 EDT" time="8.982" errors="0">
  <testcase name="testBasicGETRequest" time="8.982" classname="rest.assured.api.demo.TC001_GET_Request"/>
  <system-out/>
</testsuite> <!-- rest.assured.api.demo.TC001_GET_Request -->
