<?xml version="1.0" encoding="UTF-8"?>
<!-- Generated by org.testng.reporters.JUnitReportReporter -->
<testsuite skipped="0" hostname="Lenovo-PC" name="rest.assured.api.demo.TC004_GET_Request_Headers" tests="1" failures="0" timestamp="2020-07-16T14:10:05 EDT" time="3.783" errors="0">
  <testcase name="printAllHeaders" time="3.783" classname="rest.assured.api.demo.TC004_GET_Request_Headers"/>
  <system-out/>
</testsuite> <!-- rest.assured.api.demo.TC004_GET_Request_Headers -->
