<?xml version="1.0" encoding="UTF-8"?>
<!-- Generated by org.testng.reporters.JUnitReportReporter -->
<testsuite skipped="0" hostname="Lenovo-PC" name="rest.assured.api.demo.TC002_POST_Request_JsonArray" tests="1" failures="0" timestamp="2020-07-15T23:54:13 EDT" time="1.575" errors="0">
  <testcase name="demo" time="1.575" classname="rest.assured.api.demo.TC002_POST_Request_JsonArray"/>
  <system-out/>
</testsuite> <!-- rest.assured.api.demo.TC002_POST_Request_JsonArray -->
